[04-Jan-2022 12:54:29 UTC] POSTされました。
[04-Jan-2022 12:54:29 UTC] PHP Notice:  Undefined index: human in /Applications/MAMP/htdocs/webukatu/objective_lesson/objective_op/index.php on line 195
[04-Jan-2022 12:54:29 UTC] PHP Fatal error:  Uncaught Error: Call to a member function getName() on null in /Applications/MAMP/htdocs/webukatu/objective_lesson/objective_op/index.php:195
Stack trace:
#0 {main}
  thrown in /Applications/MAMP/htdocs/webukatu/objective_lesson/objective_op/index.php on line 195
[04-Jan-2022 12:56:17 UTC] POSTされました。
[04-Jan-2022 12:56:17 UTC] PHP Notice:  Undefined index: human in /Applications/MAMP/htdocs/webukatu/objective_lesson/objective_op/index.php on line 196
[04-Jan-2022 12:56:17 UTC] PHP Fatal error:  Uncaught Error: Call to a member function getName() on null in /Applications/MAMP/htdocs/webukatu/objective_lesson/objective_op/index.php:196
Stack trace:
#0 {main}
  thrown in /Applications/MAMP/htdocs/webukatu/objective_lesson/objective_op/index.php on line 196
[04-Jan-2022 12:57:37 UTC] POSTされました。
[04-Jan-2022 12:57:43 UTC] POSTされました。
[04-Jan-2022 12:57:46 UTC] POSTされました。
[04-Jan-2022 12:59:07 UTC] POSTされました。
[04-Jan-2022 12:59:09 UTC] POSTされました。
[04-Jan-2022 12:59:10 UTC] POSTされました。
[04-Jan-2022 12:59:12 UTC] POSTされました。
[04-Jan-2022 12:59:13 UTC] POSTされました。
[04-Jan-2022 13:01:33 UTC] POSTされました。
[04-Jan-2022 13:01:33 UTC] PHP Fatal error:  main(): The script tried to execute a method or access a property of an incomplete object. Please ensure that the class definition &quot;Human&quot; of the object you are trying to operate on was loaded _before_ unserialize() gets called or provide an autoloader to load the class definition in /Applications/MAMP/htdocs/webukatu/objective_lesson/objective_op/index.php on line 57
[04-Jan-2022 13:03:34 UTC] POSTされました。
[04-Jan-2022 13:03:36 UTC] POSTされました。
[04-Jan-2022 13:03:38 UTC] POSTされました。
[04-Jan-2022 13:05:44 UTC] POSTされました。
[04-Jan-2022 13:05:44 UTC] PHP Fatal error:  main(): The script tried to execute a method or access a property of an incomplete object. Please ensure that the class definition &quot;Human&quot; of the object you are trying to operate on was loaded _before_ unserialize() gets called or provide an autoloader to load the class definition in /Applications/MAMP/htdocs/webukatu/objective_lesson/objective_op/index.php on line 57
[04-Jan-2022 13:10:28 UTC] Human Object
(
    [sex:protected] => 3
    [name:protected] => 勇者見習い
    [hp:protected] => 500
    [attackMin:protected] => 40
    [attackMax:protected] => 120
)

[04-Jan-2022 13:10:28 UTC] Array
(
    [0] => Monster Object
        (
            [img:protected] => img/monster01.png
            [name:protected] => フランケン
            [hp:protected] => 100
            [attackMin:protected] => 20
            [attackMax:protected] => 40
        )

    [1] => MagicMonster Object
        (
            [magicAttack:MagicMonster:private] => 78
            [img:protected] => img/monster02.png
            [name:protected] => フランケンNEO
            [hp:protected] => 300
            [attackMin:protected] => 20
            [attackMax:protected] => 60
        )

    [2] => Monster Object
        (
            [img:protected] => img/monster03.png
            [name:protected] => ドラキュリー
            [hp:protected] => 200
            [attackMin:protected] => 30
            [attackMax:protected] => 50
        )

    [3] => MagicMonster Object
        (
            [magicAttack:MagicMonster:private] => 60
            [img:protected] => img/monster04.png
            [name:protected] => ドラキュラ男爵
            [hp:protected] => 400
            [attackMin:protected] => 50
            [attackMax:protected] => 80
        )

    [4] => Monster Object
        (
            [img:protected] => img/monster05.png
            [name:protected] => スカルフェイス
            [hp:protected] => 150
            [attackMin:protected] => 30
            [attackMax:protected] => 60
        )

    [5] => Monster Object
        (
            [img:protected] => img/monster06.png
            [name:protected] => 毒ハンド
            [hp:protected] => 100
            [attackMin:protected] => 10
            [attackMax:protected] => 30
        )

    [6] => Monster Object
        (
            [img:protected] => img/monster07.png
            [name:protected] => 泥ハンド
            [hp:protected] => 120
            [attackMin:protected] => 20
            [attackMax:protected] => 30
        )

    [7] => Monster Object
        (
            [img:protected] => img/monster08.png
            [name:protected] => 血のハンド
            [hp:protected] => 180
            [attackMin:protected] => 30
            [attackMax:protected] => 50
        )

)

[04-Jan-2022 13:10:28 UTC] PHP Fatal error:  main(): The script tried to execute a method or access a property of an incomplete object. Please ensure that the class definition &quot;Monster&quot; of the object you are trying to operate on was loaded _before_ unserialize() gets called or provide an autoloader to load the class definition in /Applications/MAMP/htdocs/webukatu/objective_lesson/objective_op/index.php on line 105
[04-Jan-2022 13:19:26 UTC] POSTされました。
[04-Jan-2022 13:19:27 UTC] POSTされました。
[04-Jan-2022 13:23:08 UTC] POSTされました。
[04-Jan-2022 13:23:10 UTC] POSTされました。
[04-Jan-2022 13:23:11 UTC] POSTされました。
[04-Jan-2022 13:23:12 UTC] POSTされました。
[04-Jan-2022 13:23:13 UTC] POSTされました。
[04-Jan-2022 13:23:14 UTC] POSTされました。
[04-Jan-2022 13:23:16 UTC] POSTされました。
[04-Jan-2022 13:23:17 UTC] POSTされました。
[04-Jan-2022 13:23:19 UTC] POSTされました。
[04-Jan-2022 13:23:53 UTC] POSTされました。
[04-Jan-2022 13:23:54 UTC] POSTされました。
[04-Jan-2022 13:23:55 UTC] POSTされました。
[05-Jan-2022 04:23:27 UTC] POSTされました。
